[debug] [2017-07-04T20:14:00.449Z] ----------------------------------------------------------------------
[debug] [2017-07-04T20:14:00.452Z] Command:      /usr/bin/nodejs /usr/bin/firebase use --add
[debug] [2017-07-04T20:14:00.452Z] CLI Version:  3.9.1
[debug] [2017-07-04T20:14:00.452Z] Platform:     linux
[debug] [2017-07-04T20:14:00.452Z] Node Version: v6.11.0
[debug] [2017-07-04T20:14:00.452Z] Time:         Tue Jul 04 2017 16:14:00 GMT-0400 (AST)
[debug] [2017-07-04T20:14:00.452Z] ----------------------------------------------------------------------
[debug] 
[debug] [2017-07-04T20:14:00.464Z] > command requires scopes: ["email","openid","https://www.googleapis.com/auth/cloudplatformprojects.readonly","https://www.googleapis.com/auth/firebase"]
[debug] [2017-07-04T20:14:00.464Z] > authorizing via signed-in user
[debug] [2017-07-04T20:14:00.467Z] >>> HTTP REQUEST GET https://admin.firebase.com/v1/projects  
 Tue Jul 04 2017 16:14:00 GMT-0400 (AST)
[debug] [2017-07-04T20:14:07.463Z] <<< HTTP RESPONSE 200
[debug] [2017-07-04T20:14:16.567Z] TypeError: Cannot read property 'short' of undefined
[error] 
[error] Error: An unexpected error has occurred.
[debug] [2017-07-04T20:14:23.406Z] ----------------------------------------------------------------------
[debug] [2017-07-04T20:14:23.408Z] Command:      /usr/bin/nodejs /usr/bin/firebase use --add
[debug] [2017-07-04T20:14:23.409Z] CLI Version:  3.9.1
[debug] [2017-07-04T20:14:23.409Z] Platform:     linux
[debug] [2017-07-04T20:14:23.409Z] Node Version: v6.11.0
[debug] [2017-07-04T20:14:23.409Z] Time:         Tue Jul 04 2017 16:14:23 GMT-0400 (AST)
[debug] [2017-07-04T20:14:23.409Z] ----------------------------------------------------------------------
[debug] 
[debug] [2017-07-04T20:14:23.421Z] > command requires scopes: ["email","openid","https://www.googleapis.com/auth/cloudplatformprojects.readonly","https://www.googleapis.com/auth/firebase"]
[debug] [2017-07-04T20:14:23.421Z] > authorizing via signed-in user
[debug] [2017-07-04T20:14:23.424Z] >>> HTTP REQUEST GET https://admin.firebase.com/v1/projects  
 Tue Jul 04 2017 16:14:23 GMT-0400 (AST)
[debug] [2017-07-04T20:14:23.986Z] <<< HTTP RESPONSE 200
[debug] [2017-07-04T20:14:28.774Z] TypeError: Cannot read property 'short' of undefined
[error] 
[error] Error: An unexpected error has occurred.
